Script execution started: Fri Feb  9 16:35:03 UTC 2024
Installing required packages...
python3 is already installed.
python3-pip is already installed.
python3-venv is already installed.
git is already installed.
postgresql is already installed.
postgresql-contrib is already installed.
nginx is already installed.
Setting up PostgreSQL...
Cloning or updating the repository...
Already up to date.
Setting up Python environment...
Installing Python dependencies...
Requirement already satisfied: pip in ./backend/auth-service/venv/lib/python3.10/site-packages (24.0)
Requirement already satisfied: Flask>=3.0.2 in ./backend/auth-service/venv/lib/python3.10/site-packages (from -r /srv/talknet/backend/auth-service/requirements.txt (line 1)) (3.0.2)
Requirement already satisfied: Werkzeug>=3.0 in ./backend/auth-service/venv/lib/python3.10/site-packages (from -r /srv/talknet/backend/auth-service/requirements.txt (line 2)) (3.0.1)
Requirement already satisfied: Flask-SQLAlchemy>=3.1.1 in ./backend/auth-service/venv/lib/python3.10/site-packages (from -r /srv/talknet/backend/auth-service/requirements.txt (line 3)) (3.1.1)
Requirement already satisfied: psycopg2-binary>=2.9.9 in ./backend/auth-service/venv/lib/python3.10/site-packages (from -r /srv/talknet/backend/auth-service/requirements.txt (line 4)) (2.9.9)
Requirement already satisfied: gunicorn>=21.2.0 in ./backend/auth-service/venv/lib/python3.10/site-packages (from -r /srv/talknet/backend/auth-service/requirements.txt (line 5)) (21.2.0)
Requirement already satisfied: Flask-Migrate>=4.0.5 in ./backend/auth-service/venv/lib/python3.10/site-packages (from -r /srv/talknet/backend/auth-service/requirements.txt (line 6)) (4.0.5)
Requirement already satisfied: flask_cors>=4.0.0 in ./backend/auth-service/venv/lib/python3.10/site-packages (from -r /srv/talknet/backend/auth-service/requirements.txt (line 7)) (4.0.0)
Requirement already satisfied: flask_login>=0.6.3 in ./backend/auth-service/venv/lib/python3.10/site-packages (from -r /srv/talknet/backend/auth-service/requirements.txt (line 8)) (0.6.3)
Requirement already satisfied: Jinja2>=3.1.2 in ./backend/auth-service/venv/lib/python3.10/site-packages (from Flask>=3.0.2->-r /srv/talknet/backend/auth-service/requirements.txt (line 1)) (3.1.3)
Requirement already satisfied: itsdangerous>=2.1.2 in ./backend/auth-service/venv/lib/python3.10/site-packages (from Flask>=3.0.2->-r /srv/talknet/backend/auth-service/requirements.txt (line 1)) (2.1.2)
Requirement already satisfied: click>=8.1.3 in ./backend/auth-service/venv/lib/python3.10/site-packages (from Flask>=3.0.2->-r /srv/talknet/backend/auth-service/requirements.txt (line 1)) (8.1.7)
Requirement already satisfied: blinker>=1.6.2 in ./backend/auth-service/venv/lib/python3.10/site-packages (from Flask>=3.0.2->-r /srv/talknet/backend/auth-service/requirements.txt (line 1)) (1.7.0)
Requirement already satisfied: MarkupSafe>=2.1.1 in ./backend/auth-service/venv/lib/python3.10/site-packages (from Werkzeug>=3.0->-r /srv/talknet/backend/auth-service/requirements.txt (line 2)) (2.1.5)
Requirement already satisfied: sqlalchemy>=2.0.16 in ./backend/auth-service/venv/lib/python3.10/site-packages (from Flask-SQLAlchemy>=3.1.1->-r /srv/talknet/backend/auth-service/requirements.txt (line 3)) (2.0.25)
Requirement already satisfied: packaging in ./backend/auth-service/venv/lib/python3.10/site-packages (from gunicorn>=21.2.0->-r /srv/talknet/backend/auth-service/requirements.txt (line 5)) (23.2)
Requirement already satisfied: alembic>=1.9.0 in ./backend/auth-service/venv/lib/python3.10/site-packages (from Flask-Migrate>=4.0.5->-r /srv/talknet/backend/auth-service/requirements.txt (line 6)) (1.13.1)
Requirement already satisfied: Mako in ./backend/auth-service/venv/lib/python3.10/site-packages (from alembic>=1.9.0->Flask-Migrate>=4.0.5->-r /srv/talknet/backend/auth-service/requirements.txt (line 6)) (1.3.2)
Requirement already satisfied: typing-extensions>=4 in ./backend/auth-service/venv/lib/python3.10/site-packages (from alembic>=1.9.0->Flask-Migrate>=4.0.5->-r /srv/talknet/backend/auth-service/requirements.txt (line 6)) (4.9.0)
Requirement already satisfied: greenlet!=0.4.17 in ./backend/auth-service/venv/lib/python3.10/site-packages (from sqlalchemy>=2.0.16->Flask-SQLAlchemy>=3.1.1->-r /srv/talknet/backend/auth-service/requirements.txt (line 3)) (3.0.3)
Creating database backup...
Pushing changes to the Git repository...
[main 692f183] Automatic database backup: Fri Feb  9 16:35:11 UTC 2024
 366 files changed, 58 insertions(+)
 create mode 100644 backups/prod_db-2024-02-09_16-35-10.sql
To https://github.com/mykytashch/TalkNet-Monorepo
   c26c37f..692f183  main -> main
Changes pushed to the Git repository.
Starting the Flask application...
Flask application started.
Script execution completed successfully: Fri Feb  9 16:35:15 UTC 2024
Script execution started: Fri Feb  9 16:35:16 UTC 2024
Installing required packages...
Installing python3...
Reading package lists...
Building dependency tree...
Reading state information...
python3 is already the newest version (3.10.6-1~22.04).
0 upgraded, 0 newly installed, 0 to remove and 1 not upgraded.
Installing python3-pip...
Reading package lists...
Building dependency tree...
Reading state information...
Script execution started: Fri Feb  9 16:35:20 UTC 2024
Installing required packages...
python3 is already installed.
python3-pip is already the newest version (22.0.2+dfsg-1ubuntu0.4).
0 upgraded, 0 newly installed, 0 to remove and 1 not upgraded.
Installing python3-venv...
python3-pip is already installed.
python3-venv is already installed.
git is already installed.
postgresql is already installed.
postgresql-contrib is already installed.
Reading package lists...
Building dependency tree...nginx is already installed.
Setting up PostgreSQL...
Cloning or updating the repository...

Reading state information...
Already up to date.
Setting up Python environment...
Installing Python dependencies...
python3-venv is already the newest version (3.10.6-1~22.04).
0 upgraded, 0 newly installed, 0 to remove and 1 not upgraded.
Installing git...
Reading package lists...
Building dependency tree...Requirement already satisfied: pip in ./backend/auth-service/venv/lib/python3.10/site-packages (24.0)

Reading state information...
git is already the newest version (1:2.34.1-1ubuntu1.10).
0 upgraded, 0 newly installed, 0 to remove and 1 not upgraded.
Installing postgresql...
Reading package lists...
Building dependency tree...Requirement already satisfied: Flask>=3.0.2 in ./backend/auth-service/venv/lib/python3.10/site-packages (from -r /srv/talknet/backend/auth-service/requirements.txt (line 1)) (3.0.2)
Requirement already satisfied: Werkzeug>=3.0 in ./backend/auth-service/venv/lib/python3.10/site-packages (from -r /srv/talknet/backend/auth-service/requirements.txt (line 2)) (3.0.1)
Requirement already satisfied: Flask-SQLAlchemy>=3.1.1 in ./backend/auth-service/venv/lib/python3.10/site-packages (from -r /srv/talknet/backend/auth-service/requirements.txt (line 3)) (3.1.1)
Requirement already satisfied: psycopg2-binary>=2.9.9 in ./backend/auth-service/venv/lib/python3.10/site-packages (from -r /srv/talknet/backend/auth-service/requirements.txt (line 4)) (2.9.9)
Requirement already satisfied: gunicorn>=21.2.0 in ./backend/auth-service/venv/lib/python3.10/site-packages (from -r /srv/talknet/backend/auth-service/requirements.txt (line 5)) (21.2.0)
Requirement already satisfied: Flask-Migrate>=4.0.5 in ./backend/auth-service/venv/lib/python3.10/site-packages (from -r /srv/talknet/backend/auth-service/requirements.txt (line 6)) (4.0.5)
Requirement already satisfied: flask_cors>=4.0.0 in ./backend/auth-service/venv/lib/python3.10/site-packages (from -r /srv/talknet/backend/auth-service/requirements.txt (line 7)) (4.0.0)
Requirement already satisfied: flask_login>=0.6.3 in ./backend/auth-service/venv/lib/python3.10/site-packages (from -r /srv/talknet/backend/auth-service/requirements.txt (line 8)) (0.6.3)
Requirement already satisfied: Jinja2>=3.1.2 in ./backend/auth-service/venv/lib/python3.10/site-packages (from Flask>=3.0.2->-r /srv/talknet/backend/auth-service/requirements.txt (line 1)) (3.1.3)
Requirement already satisfied: itsdangerous>=2.1.2 in ./backend/auth-service/venv/lib/python3.10/site-packages (from Flask>=3.0.2->-r /srv/talknet/backend/auth-service/requirements.txt (line 1)) (2.1.2)
Requirement already satisfied: click>=8.1.3 in ./backend/auth-service/venv/lib/python3.10/site-packages (from Flask>=3.0.2->-r /srv/talknet/backend/auth-service/requirements.txt (line 1)) (8.1.7)
Requirement already satisfied: blinker>=1.6.2 in ./backend/auth-service/venv/lib/python3.10/site-packages (from Flask>=3.0.2->-r /srv/talknet/backend/auth-service/requirements.txt (line 1)) (1.7.0)
Requirement already satisfied: MarkupSafe>=2.1.1 in ./backend/auth-service/venv/lib/python3.10/site-packages (from Werkzeug>=3.0->-r /srv/talknet/backend/auth-service/requirements.txt (line 2)) (2.1.5)
Requirement already satisfied: sqlalchemy>=2.0.16 in ./backend/auth-service/venv/lib/python3.10/site-packages (from Flask-SQLAlchemy>=3.1.1->-r /srv/talknet/backend/auth-service/requirements.txt (line 3)) (2.0.25)
Requirement already satisfied: packaging in ./backend/auth-service/venv/lib/python3.10/site-packages (from gunicorn>=21.2.0->-r /srv/talknet/backend/auth-service/requirements.txt (line 5)) (23.2)
Requirement already satisfied: alembic>=1.9.0 in ./backend/auth-service/venv/lib/python3.10/site-packages (from Flask-Migrate>=4.0.5->-r /srv/talknet/backend/auth-service/requirements.txt (line 6)) (1.13.1)
Requirement already satisfied: Mako in ./backend/auth-service/venv/lib/python3.10/site-packages (from alembic>=1.9.0->Flask-Migrate>=4.0.5->-r /srv/talknet/backend/auth-service/requirements.txt (line 6)) (1.3.2)
Requirement already satisfied: typing-extensions>=4 in ./backend/auth-service/venv/lib/python3.10/site-packages (from alembic>=1.9.0->Flask-Migrate>=4.0.5->-r /srv/talknet/backend/auth-service/requirements.txt (line 6)) (4.9.0)
Requirement already satisfied: greenlet!=0.4.17 in ./backend/auth-service/venv/lib/python3.10/site-packages (from sqlalchemy>=2.0.16->Flask-SQLAlchemy>=3.1.1->-r /srv/talknet/backend/auth-service/requirements.txt (line 3)) (3.0.3)
Creating database backup...

Reading state information...
Pushing changes to the Git repository...
postgresql is already the newest version (14+238).
0 upgraded, 0 newly installed, 0 to remove and 1 not upgraded.
Installing postgresql-contrib...
Reading package lists...