top - 16:13:38 up 1 day, 14:48,  0 users,  load average: 1.31, 0.44, 0.24
Tasks: 147 total,   2 running, 145 sleeping,   0 stopped,   0 zombie
%Cpu(s): 46.7 us,  0.0 sy,  0.0 ni, 53.3 id,  0.0 wa,  0.0 hi,  0.0 si,  0.0 st
MiB Mem :   3876.5 total,   1333.3 free,   1151.4 used,   1391.9 buff/cache
MiB Swap:      0.0 total,      0.0 free,      0.0 used.   2524.9 avail Mem 

    PID USER      PR  NI    VIRT    RES    SHR S  %CPU  %MEM     TIME+ COMMAND
  75076 root      20   0   32.3g 361872  34244 S 100.0   9.1   0:22.57 node
      1 root      20   0  166348  11828   8436 S   0.0   0.3   0:05.81 systemd
      2 root      20   0       0      0      0 S   0.0   0.0   0:00.01 kthreadd
      3 root       0 -20       0      0      0 I   0.0   0.0   0:00.00 rcu_gp
      4 root       0 -20       0      0      0 I   0.0   0.0   0:00.00 rcu_par+
      5 root       0 -20       0      0      0 I   0.0   0.0   0:00.00 slub_fl+
      6 root       0 -20       0      0      0 I   0.0   0.0   0:00.00 netns
      8 root       0 -20       0      0      0 I   0.0   0.0   0:00.00 kworker+
     10 root       0 -20       0      0      0 I   0.0   0.0   0:00.00 mm_perc+
     11 root      20   0       0      0      0 S   0.0   0.0   0:00.00 rcu_tas+
     12 root      20   0       0      0      0 S   0.0   0.0   0:00.00 rcu_tas+
     13 root      20   0       0      0      0 S   0.0   0.0   0:00.40 ksoftir+
     14 root      20   0       0      0      0 I   0.0   0.0   0:04.35 rcu_sch+
     15 root      rt   0       0      0      0 S   0.0   0.0   0:00.67 migrati+
     16 root     -51   0       0      0      0 S   0.0   0.0   0:00.00 idle_in+
     18 root      20   0       0      0      0 S   0.0   0.0   0:00.00 cpuhp/0
     19 root      20   0       0      0      0 S   0.0   0.0   0:00.00 cpuhp/1
     20 root     -51   0       0      0      0 S   0.0   0.0   0:00.00 idle_in+
     21 root      rt   0       0      0      0 S   0.0   0.0   0:00.74 migrati+
     22 root      20   0       0      0      0 S   0.0   0.0   0:00.60 ksoftir+
     24 root       0 -20       0      0      0 I   0.0   0.0   0:00.00 kworker+
     25 root      20   0       0      0      0 S   0.0   0.0   0:00.00 kdevtmp+
     26 root       0 -20       0      0      0 I   0.0   0.0   0:00.00 inet_fr+
     27 root      20   0       0      0      0 S   0.0   0.0   0:00.00 kauditd
     31 root      20   0       0      0      0 S   0.0   0.0   0:00.05 khungta+
     32 root      20   0       0      0      0 S   0.0   0.0   0:00.00 oom_rea+
     33 root       0 -20       0      0      0 I   0.0   0.0   0:00.00 writeba+
     34 root      20   0       0      0      0 S   0.0   0.0   0:04.77 kcompac+
     35 root      25   5       0      0      0 S   0.0   0.0   0:00.00 ksmd
     36 root      39  19       0      0      0 S   0.0   0.0   0:00.00 khugepa+
     82 root       0 -20       0      0      0 I   0.0   0.0   0:00.00 kintegr+
     83 root       0 -20       0      0      0 I   0.0   0.0   0:00.00 kblockd
     84 root       0 -20       0      0      0 I   0.0   0.0   0:00.00 blkcg_p+
     85 root       0 -20       0      0      0 I   0.0   0.0   0:00.00 tpm_dev+
     86 root       0 -20       0      0      0 I   0.0   0.0   0:00.00 ata_sff
     87 root       0 -20       0      0      0 I   0.0   0.0   0:00.00 md
     88 root       0 -20       0      0      0 I   0.0   0.0   0:00.00 edac-po+
     89 root       0 -20       0      0      0 I   0.0   0.0   0:00.00 devfreq+
     90 root     -51   0       0      0      0 S   0.0   0.0   0:00.00 watchdo+
     92 root       0 -20       0      0      0 I   0.0   0.0   0:00.76 kworker+
     94 root      20   0       0      0      0 S   0.0   0.0   0:00.00 kswapd0
     95 root      20   0       0      0      0 S   0.0   0.0   0:00.00 ecryptf+
     97 root       0 -20       0      0      0 I   0.0   0.0   0:00.00 kthrotld
     98 root       0 -20       0      0      0 I   0.0   0.0   0:00.00 acpi_th+
    100 root      20   0       0      0      0 S   0.0   0.0   0:00.00 scsi_eh+
    101 root       0 -20       0      0      0 I   0.0   0.0   0:00.00 scsi_tm+
    102 root      20   0       0      0      0 S   0.0   0.0   0:00.00 scsi_eh+
    103 root       0 -20       0      0      0 I   0.0   0.0   0:00.00 scsi_tm+
    105 root       0 -20       0      0      0 I   0.0   0.0   0:00.00 vfio-ir+
    106 root       0 -20       0      0      0 I   0.0   0.0   0:00.00 mld
    107 root       0 -20       0      0      0 I   0.0   0.0   0:00.00 ipv6_ad+
    116 root       0 -20       0      0      0 I   0.0   0.0   0:00.00 kstrp
    119 root       0 -20       0      0      0 I   0.0   0.0   0:00.00 zswap-s+
    120 root       0 -20       0      0      0 I   0.0   0.0   0:00.00 kworker+
    125 root       0 -20       0      0      0 I   0.0   0.0   0:00.00 charger+
    148 root       0 -20       0      0      0 I   0.0   0.0   0:00.45 kworker+
    172 root      20   0       0      0      0 S   0.0   0.0   0:00.15 hwrng
    173 root       0 -20       0      0      0 I   0.0   0.0   0:00.00 cryptd
    238 root       0 -20       0      0      0 I   0.0   0.0   0:00.00 raid5wq
    285 root      20   0       0      0      0 S   0.0   0.0   0:01.60 jbd2/vd+
    286 root       0 -20       0      0      0 I   0.0   0.0   0:00.00 ext4-rs+
    363 root      19  -1  136548  91612  90508 S   0.0   2.3   0:07.84 systemd+
    385 root       0 -20       0      0      0 I   0.0   0.0   0:00.00 kaluad
    386 root       0 -20       0      0      0 I   0.0   0.0   0:00.00 kmpath_+
    395 root       0 -20       0      0      0 I   0.0   0.0   0:00.00 kmpathd
    396 root       0 -20       0      0      0 I   0.0   0.0   0:00.00 kmpath_+
    397 root      rt   0  289316  27100   9072 S   0.0   0.7   0:10.89 multipa+
    400 root      20   0   23044   6516   4648 S   0.0   0.2   0:00.35 systemd+
    482 systemd+  20   0   89360   6572   5768 S   0.0   0.2   0:00.24 systemd+
    558 systemd+  20   0   16248   8520   7480 S   0.0   0.2   0:01.07 systemd+
    560 systemd+  20   0   25668  13564   9216 S   0.0   0.3   0:00.93 systemd+
    573 root      20   0    7288   2756   2496 S   0.0   0.1   0:00.23 cron
    575 message+  20   0    8656   4708   4024 S   0.0   0.1   0:00.18 dbus-da+
    581 root      20   0   82700   4088   3744 S   0.0   0.1   0:05.44 irqbala+
    582 root      20   0   33080  19588  10740 S   0.0   0.5   0:00.38 network+
    586 syslog    20   0  222404   5768   4432 S   0.0   0.1   0:01.58 rsyslogd
    588 root      20   0 1319464  30132  19292 S   0.0   0.8   0:06.77 snapd
    590 root      20   0   15024   7448   6508 S   0.0   0.2   0:00.20 systemd+
    603 root      20   0    6220   1112   1020 S   0.0   0.0   0:00.00 agetty
    609 root      20   0    6176   1100   1016 S   0.0   0.0   0:00.01 agetty
    619 root      20   0   15436   9392   7756 S   0.0   0.2   0:04.88 sshd
    631 root      20   0   55224   1676     40 S   0.0   0.0   0:00.00 nginx
    637 www-data  20   0   55856   5584   3684 S   0.0   0.1   0:01.38 nginx
    639 www-data  20   0   55856   5584   3684 S   0.0   0.1   0:00.01 nginx
    641 root      20   0  110104  21620  13492 S   0.0   0.5   0:00.11 unatten+
    651 postgres  20   0  218728  30272  27512 S   0.0   0.8   0:04.62 postgres
    654 root      20   0  235484   8264   6964 S   0.0   0.2   0:00.01 polkitd
    658 postgres  20   0  218840  12548   9716 S   0.0   0.3   0:00.06 postgres
    659 postgres  20   0  218728   6968   4208 S   0.0   0.2   0:01.04 postgres
    660 postgres  20   0  218728  11680   8904 S   0.0   0.3   0:01.05 postgres
    661 postgres  20   0  219400   9604   6556 S   0.0   0.2   0:02.44 postgres
    662 postgres  20   0   73564   7628   4640 S   0.0   0.2   0:02.28 postgres
    663 postgres  20   0  219156   7768   4824 S   0.0   0.2   0:00.04 postgres
    670 root      20   0  914176  77116  34788 S   0.0   1.9   1:16.58 PM2 v5.+
    690 root      20   0  650188  74300  33912 R   0.0   1.9   5:42.29 node /v+
    691 root      20   0  649980  71208  34028 S   0.0   1.8   5:40.47 node /s+
    754 root      20   0   44452  32656   4812 S   0.0   0.8   0:18.69 miniser+
   5954 root      20   0    7228   1368   1184 S   0.0   0.0   0:00.00 git
  28959 root      20   0  295984  20520  17604 S   0.0   0.5   0:00.63 package+
  39482 root      20   0    2892    984    892 S   0.0   0.0   0:00.00 sh
  39483 root      20   0    4496   3452   3068 S   0.0   0.1   0:00.00 bash
  39486 root      20   0    4364   1664   1372 S   0.0   0.0   0:00.00 bash
  39488 root      20   0    2796   1032    944 S   0.0   0.0   0:00.00 tee
  39581 root      20   0    8900   5428   4576 S   0.0   0.1   0:00.00 sudo
  39582 postgres  20   0   20108   5584   4516 S   0.0   0.1   0:00.02 createu+
  41171 root      20   0    2892    964    868 S   0.0   0.0   0:00.00 sh
  41172 root      20   0    4496   3376   3008 S   0.0   0.1   0:00.00 bash
  41178 root      20   0    4364   1700   1408 S   0.0   0.0   0:00.00 bash
  41180 root      20   0    2796   1028    936 S   0.0   0.0   0:00.00 tee
  41672 root      20   0    8900   5348   4500 S   0.0   0.1   0:00.05 sudo
  41673 postgres  20   0   20108   5568   4504 S   0.0   0.1   0:00.02 createu+
  62952 root      20   0       0      0      0 I   0.0   0.0   0:02.26 kworker+
  67014 root      20   0       0      0      0 I   0.0   0.0   0:00.28 kworker+
  68300 root      20   0       0      0      0 I   0.0   0.0   0:00.16 kworker+
  68704 root      20   0       0      0      0 I   0.0   0.0   0:00.24 kworker+
  68859 root      20   0       0      0      0 I   0.0   0.0   0:00.06 kworker+
  69536 root      20   0    5696   4904   3196 S   0.0   0.1   0:00.01 bash
  69537 root      20   0   27060  22860   3760 S   0.0   0.6   0:00.21 shellse+
  69562 root      20   0   44752  35584   7492 S   0.0   0.9   0:00.12 miniser+
  69630 root      20   0       0      0      0 I   0.0   0.0   0:00.06 kworker+
  70948 root      20   0       0      0      0 I   0.0   0.0   0:00.01 kworker+
  73666 root      20   0   31128  18288   6028 S   0.0   0.5   0:00.11 gunicorn
  73684 root      20   0    2892   1008    912 S   0.0   0.0   0:00.00 sh
  73685 root      20   0    4364   3220   2948 S   0.0   0.1   0:00.00 update_+
  74331 root      20   0  708772  57344  35840 S   0.0   1.4   0:00.47 npm sta+
  74342 root      20   0    2896   1040    948 S   0.0   0.0   0:00.00 sh
  74343 root      20   0  591184  40120  31760 S   0.0   1.0   0:00.10 node
  74350 root      20   0   32.0g 222420  35064 S   0.0   5.6   0:05.52 node
  74393 root      20   0   91400  61068  15916 S   0.0   1.5   0:00.44 gunicorn
  74508 root      20   0   15436   8732   7208 S   0.0   0.2   0:00.00 sshd
  74512 root      20   0   15436   8648   7124 S   0.0   0.2   0:00.00 sshd
  74541 root      20   0    2892    984    888 S   0.0   0.0   0:00.00 sh
  74543 root      20   0    4364   3304   3032 S   0.0   0.1   0:00.00 update_+
  74559 root      20   0       0      0      0 I   0.0   0.0   0:00.00 kworker+
  74886 root      20   0       0      0      0 I   0.0   0.0   0:00.00 kworker+
  75043 root      20   0  709048  58172  35676 S   0.0   1.5   0:00.84 npm run+
  75068 root      20   0    2896   1048    948 S   0.0   0.0   0:00.00 sh
  75069 root      20   0  591184  39744  31628 S   0.0   1.0   0:00.09 node
  75161 root      20   0    4628   3820   3248 S   0.0   0.1   0:00.00 update_+
  75167 root      20   0    4496   1920   1456 S   0.0   0.0   0:00.00 update_+
  75170 root      20   0    2796   1052    964 S   0.0   0.0   0:00.00 tee
  75610 root      20   0       0      0      0 I   0.0   0.0   0:00.11 kworker+
  75910 root      20   0   49196  40112   7620 S   0.0   1.0   0:00.04 /usr/sh+
  75912 root      20   0   47488  32824   2052 S   0.0   0.8   0:00.05 /usr/sh+
  75915 root      20   0    2892    976    880 S   0.0   0.0   0:00.00 sh
  75916 root      20   0    6432   1508   1284 S   0.0   0.0   0:00.00 vmstat
  75920 root      20   0    7508   3436   2844 R   0.0   0.1   0:00.00 top
Filesystem      Size  Used Avail Use% Mounted on
tmpfs           388M  1.1M  387M   1% /run
/dev/vda1        97G  5.2G   92G   6% /
tmpfs           1.9G   28K  1.9G   1% /dev/shm
tmpfs           5.0M     0  5.0M   0% /run/lock
/dev/vda15      105M  6.1M   99M   6% /boot/efi
               total        used        free      shared  buff/cache   available
Mem:            3876        1145        1339          22        1391        2562
Swap:              0           0           0
