Collecting system stats...
top - 18:05:22 up 16:40,  0 users,  load average: 0.72, 0.36, 0.15
Tasks: 122 total,   2 running, 120 sleeping,   0 stopped,   0 zombie
%Cpu(s): 41.4 us,  6.9 sy,  0.0 ni, 51.7 id,  0.0 wa,  0.0 hi,  0.0 si,  0.0 st
MiB Mem :   3876.5 total,   2100.6 free,    691.7 used,   1084.2 buff/cache
MiB Swap:      0.0 total,      0.0 free,      0.0 used.   2973.7 avail Mem 

    PID USER      PR  NI    VIRT    RES    SHR S  %CPU  %MEM     TIME+ COMMAND
  34644 root      20   0  601900  56468  35524 R 111.8   1.4   0:00.75 npm
      1 root      20   0  166348  11768   8436 S   0.0   0.3   0:03.58 systemd
      2 root      20   0       0      0      0 S   0.0   0.0   0:00.00 kthreadd
      3 root       0 -20       0      0      0 I   0.0   0.0   0:00.00 rcu_gp
      4 root       0 -20       0      0      0 I   0.0   0.0   0:00.00 rcu_par+
      5 root       0 -20       0      0      0 I   0.0   0.0   0:00.00 slub_fl+
      6 root       0 -20       0      0      0 I   0.0   0.0   0:00.00 netns
      8 root       0 -20       0      0      0 I   0.0   0.0   0:00.00 kworker+
     10 root       0 -20       0      0      0 I   0.0   0.0   0:00.00 mm_perc+
     11 root      20   0       0      0      0 S   0.0   0.0   0:00.00 rcu_tas+
     12 root      20   0       0      0      0 S   0.0   0.0   0:00.00 rcu_tas+
     13 root      20   0       0      0      0 S   0.0   0.0   0:00.16 ksoftir+
     14 root      20   0       0      0      0 I   0.0   0.0   0:02.18 rcu_sch+
     15 root      rt   0       0      0      0 S   0.0   0.0   0:00.28 migrati+
     16 root     -51   0       0      0      0 S   0.0   0.0   0:00.00 idle_in+
     18 root      20   0       0      0      0 S   0.0   0.0   0:00.00 cpuhp/0
     19 root      20   0       0      0      0 S   0.0   0.0   0:00.00 cpuhp/1
     20 root     -51   0       0      0      0 S   0.0   0.0   0:00.00 idle_in+
     21 root      rt   0       0      0      0 S   0.0   0.0   0:00.44 migrati+
     22 root      20   0       0      0      0 S   0.0   0.0   0:00.26 ksoftir+
     24 root       0 -20       0      0      0 I   0.0   0.0   0:00.00 kworker+
     25 root      20   0       0      0      0 S   0.0   0.0   0:00.00 kdevtmp+
     26 root       0 -20       0      0      0 I   0.0   0.0   0:00.00 inet_fr+
     27 root      20   0       0      0      0 S   0.0   0.0   0:00.00 kauditd
     31 root      20   0       0      0      0 S   0.0   0.0   0:00.02 khungta+
     32 root      20   0       0      0      0 S   0.0   0.0   0:00.00 oom_rea+
     33 root       0 -20       0      0      0 I   0.0   0.0   0:00.00 writeba+
     34 root      20   0       0      0      0 S   0.0   0.0   0:02.03 kcompac+
     35 root      25   5       0      0      0 S   0.0   0.0   0:00.00 ksmd
     36 root      39  19       0      0      0 S   0.0   0.0   0:00.00 khugepa+
     82 root       0 -20       0      0      0 I   0.0   0.0   0:00.00 kintegr+
     83 root       0 -20       0      0      0 I   0.0   0.0   0:00.00 kblockd
     84 root       0 -20       0      0      0 I   0.0   0.0   0:00.00 blkcg_p+
     85 root       0 -20       0      0      0 I   0.0   0.0   0:00.00 tpm_dev+
     86 root       0 -20       0      0      0 I   0.0   0.0   0:00.00 ata_sff
     87 root       0 -20       0      0      0 I   0.0   0.0   0:00.00 md
     88 root       0 -20       0      0      0 I   0.0   0.0   0:00.00 edac-po+
     89 root       0 -20       0      0      0 I   0.0   0.0   0:00.00 devfreq+
     90 root     -51   0       0      0      0 S   0.0   0.0   0:00.00 watchdo+
     92 root       0 -20       0      0      0 I   0.0   0.0   0:00.42 kworker+
     94 root      20   0       0      0      0 S   0.0   0.0   0:00.00 kswapd0
     95 root      20   0       0      0      0 S   0.0   0.0   0:00.00 ecryptf+
     97 root       0 -20       0      0      0 I   0.0   0.0   0:00.00 kthrotld
     98 root       0 -20       0      0      0 I   0.0   0.0   0:00.00 acpi_th+
    100 root      20   0       0      0      0 S   0.0   0.0   0:00.00 scsi_eh+
    101 root       0 -20       0      0      0 I   0.0   0.0   0:00.00 scsi_tm+
    102 root      20   0       0      0      0 S   0.0   0.0   0:00.00 scsi_eh+
    103 root       0 -20       0      0      0 I   0.0   0.0   0:00.00 scsi_tm+
    105 root       0 -20       0      0      0 I   0.0   0.0   0:00.00 vfio-ir+
    106 root       0 -20       0      0      0 I   0.0   0.0   0:00.00 mld
    107 root       0 -20       0      0      0 I   0.0   0.0   0:00.00 ipv6_ad+
    116 root       0 -20       0      0      0 I   0.0   0.0   0:00.00 kstrp
    119 root       0 -20       0      0      0 I   0.0   0.0   0:00.00 zswap-s+
    120 root       0 -20       0      0      0 I   0.0   0.0   0:00.00 kworker+
    125 root       0 -20       0      0      0 I   0.0   0.0   0:00.00 charger+
    148 root       0 -20       0      0      0 I   0.0   0.0   0:00.21 kworker+
    172 root      20   0       0      0      0 S   0.0   0.0   0:00.06 hwrng
    173 root       0 -20       0      0      0 I   0.0   0.0   0:00.00 cryptd
    238 root       0 -20       0      0      0 I   0.0   0.0   0:00.00 raid5wq
    285 root      20   0       0      0      0 S   0.0   0.0   0:00.85 jbd2/vd+
    286 root       0 -20       0      0      0 I   0.0   0.0   0:00.00 ext4-rs+
    363 root      19  -1  111972  65316  64236 S   0.0   1.6   0:03.78 systemd+
    385 root       0 -20       0      0      0 I   0.0   0.0   0:00.00 kaluad
    386 root       0 -20       0      0      0 I   0.0   0.0   0:00.00 kmpath_+
    395 root       0 -20       0      0      0 I   0.0   0.0   0:00.00 kmpathd
    396 root       0 -20       0      0      0 I   0.0   0.0   0:00.00 kmpath_+
    397 root      rt   0  289316  27100   9072 S   0.0   0.7   0:04.68 multipa+
    400 root      20   0   23044   6516   4648 S   0.0   0.2   0:00.29 systemd+
    482 systemd+  20   0   89360   6572   5768 S   0.0   0.2   0:00.13 systemd+
    558 systemd+  20   0   16248   8520   7480 S   0.0   0.2   0:00.47 systemd+
    560 systemd+  20   0   25536  13564   9216 S   0.0   0.3   0:00.45 systemd+
    573 root      20   0    7288   2756   2496 S   0.0   0.1   0:00.10 cron
    575 message+  20   0    8656   4708   4024 S   0.0   0.1   0:00.07 dbus-da+
    581 root      20   0   82700   4088   3744 S   0.0   0.1   0:02.35 irqbala+
    582 root      20   0   33080  18964  10324 S   0.0   0.5   0:00.29 network+
    586 syslog    20   0  222404   5768   4432 S   0.0   0.1   0:00.83 rsyslogd
    588 root      20   0 1319208  29220  19304 S   0.0   0.7   0:04.59 snapd
    590 root      20   0   15024   7448   6508 S   0.0   0.2   0:00.10 systemd+
    603 root      20   0    6220   1112   1020 S   0.0   0.0   0:00.00 agetty
    609 root      20   0    6176   1100   1016 S   0.0   0.0   0:00.01 agetty
    619 root      20   0   15436   9392   7756 S   0.0   0.2   0:02.34 sshd
    631 root      20   0   55224   1676     40 S   0.0   0.0   0:00.00 nginx
    637 www-data  20   0   55856   5584   3684 S   0.0   0.1   0:00.76 nginx
    639 www-data  20   0   55856   5584   3684 S   0.0   0.1   0:00.01 nginx
    641 root      20   0  110104  21620  13492 S   0.0   0.5   0:00.11 unatten+
    651 postgres  20   0  218728  30272  27512 S   0.0   0.8   0:01.76 postgres
    654 root      20   0  235484   8264   6964 S   0.0   0.2   0:00.01 polkitd
    658 postgres  20   0  218840   9736   6932 S   0.0   0.2   0:00.00 postgres
    659 postgres  20   0  218728   6968   4208 S   0.0   0.2   0:00.45 postgres
    660 postgres  20   0  218728  11680   8904 S   0.0   0.3   0:00.45 postgres
    661 postgres  20   0  219400   9604   6556 S   0.0   0.2   0:00.87 postgres
    662 postgres  20   0   73452   6976   4204 S   0.0   0.2   0:00.81 postgres
    663 postgres  20   0  219156   7768   4824 S   0.0   0.2   0:00.02 postgres
    670 root      20   0  913920  76452  33904 S   0.0   1.9   0:32.99 PM2 v5.+
    690 root      20   0  642256  65980  33912 S   0.0   1.7   2:23.73 node /v+
    691 root      20   0  640232  63212  34028 S   0.0   1.6   2:21.39 node /s+
    754 root      20   0   44452  32628   4812 S   0.0   0.8   0:07.64 miniser+
   5954 root      20   0    7228   1368   1184 S   0.0   0.0   0:00.00 git
  25821 root      20   0       0      0      0 I   0.0   0.0   0:01.30 kworker+
  25825 root      20   0       0      0      0 I   0.0   0.0   0:02.77 kworker+
  28623 root      20   0       0      0      0 I   0.0   0.0   0:02.08 kworker+
  28959 root      20   0  295984  20520  17604 S   0.0   0.5   0:00.13 package+
  32214 root      20   0       0      0      0 I   0.0   0.0   0:00.10 kworker+
  32441 root      20   0       0      0      0 I   0.0   0.0   0:00.05 kworker+
  32538 root      20   0       0      0      0 I   0.0   0.0   0:00.14 kworker+
  33038 root      20   0       0      0      0 I   0.0   0.0   0:00.02 kworker+
  33613 root      20   0   31132  17832   5564 S   0.0   0.4   0:00.04 gunicorn
  33634 root      20   0    2892   1004    912 S   0.0   0.0   0:00.00 sh
  33635 root      20   0    4364   3184   2912 S   0.0   0.1   0:00.00 update_+
  33776 root      20   0   60384  46452  10416 S   0.0   1.2   0:00.56 gunicorn
  33779 root      20   0  708812  58716  35816 S   0.0   1.5   0:00.43 npm sta+
  33790 root      20   0    2896    984    888 S   0.0   0.0   0:00.00 sh
  33791 root      20   0  591476  40008  31752 S   0.0   1.0   0:00.09 node
  33798 root      20   0   32.0g 217400  34568 S   0.0   5.5   0:05.16 node
  34285 root      20   0   44452  32916   5044 S   0.0   0.8   0:00.00 miniser+
  34292 root      20   0    2892    960    864 S   0.0   0.0   0:00.00 sh
  34293 root      20   0    4496   3436   3032 S   0.0   0.1   0:00.06 bash
  34296 root      20   0    4364   1548   1260 S   0.0   0.0   0:00.00 bash
  34297 root      20   0    2796   1028    936 S   0.0   0.0   0:00.00 tee
  34304 root      20   0    2892    956    860 S   0.0   0.0   0:00.00 sh
  34305 root      20   0    4364   3312   3040 S   0.0   0.1   0:00.00 update_+
  34656 root      20   0    7368   3580   2984 R   0.0   0.1   0:00.00 top
Filesystem      Size  Used Avail Use% Mounted on
tmpfs           388M  1.0M  387M   1% /run
/dev/vda1        97G  5.2G   92G   6% /
tmpfs           1.9G   28K  1.9G   1% /dev/shm
tmpfs           5.0M     0  5.0M   0% /run/lock
/dev/vda15      105M  6.1M   99M   6% /boot/efi
               total        used        free      shared  buff/cache   available
Mem:            3876         691        2100          17        1084        2973
Swap:              0           0           0
