top - 16:22:18 up 1 day, 14:56,  0 users,  load average: 2.22, 0.70, 0.38
Tasks: 143 total,   2 running, 140 sleeping,   0 stopped,   1 zombie
%Cpu(s): 37.9 us, 13.8 sy,  0.0 ni, 48.3 id,  0.0 wa,  0.0 hi,  0.0 si,  0.0 st
MiB Mem :   3876.5 total,   1650.2 free,    829.9 used,   1396.4 buff/cache
MiB Swap:      0.0 total,      0.0 free,      0.0 used.   2837.2 avail Mem 

    PID USER      PR  NI    VIRT    RES    SHR S  %CPU  %MEM     TIME+ COMMAND
  80764 root      20   0  649984 104992  32908 R 113.3   2.6   0:01.57 node
      1 root      20   0  166348  11860   8436 S   0.0   0.3   0:05.89 systemd
      2 root      20   0       0      0      0 S   0.0   0.0   0:00.01 kthreadd
      3 root       0 -20       0      0      0 I   0.0   0.0   0:00.00 rcu_gp
      4 root       0 -20       0      0      0 I   0.0   0.0   0:00.00 rcu_par+
      5 root       0 -20       0      0      0 I   0.0   0.0   0:00.00 slub_fl+
      6 root       0 -20       0      0      0 I   0.0   0.0   0:00.00 netns
      8 root       0 -20       0      0      0 I   0.0   0.0   0:00.00 kworker+
     10 root       0 -20       0      0      0 I   0.0   0.0   0:00.00 mm_perc+
     11 root      20   0       0      0      0 S   0.0   0.0   0:00.00 rcu_tas+
     12 root      20   0       0      0      0 S   0.0   0.0   0:00.00 rcu_tas+
     13 root      20   0       0      0      0 S   0.0   0.0   0:00.43 ksoftir+
     14 root      20   0       0      0      0 I   0.0   0.0   0:04.44 rcu_sch+
     15 root      rt   0       0      0      0 S   0.0   0.0   0:00.67 migrati+
     16 root     -51   0       0      0      0 S   0.0   0.0   0:00.00 idle_in+
     18 root      20   0       0      0      0 S   0.0   0.0   0:00.00 cpuhp/0
     19 root      20   0       0      0      0 S   0.0   0.0   0:00.00 cpuhp/1
     20 root     -51   0       0      0      0 S   0.0   0.0   0:00.00 idle_in+
     21 root      rt   0       0      0      0 S   0.0   0.0   0:00.74 migrati+
     22 root      20   0       0      0      0 S   0.0   0.0   0:00.63 ksoftir+
     24 root       0 -20       0      0      0 I   0.0   0.0   0:00.00 kworker+
     25 root      20   0       0      0      0 S   0.0   0.0   0:00.00 kdevtmp+
     26 root       0 -20       0      0      0 I   0.0   0.0   0:00.00 inet_fr+
     27 root      20   0       0      0      0 S   0.0   0.0   0:00.00 kauditd
     31 root      20   0       0      0      0 S   0.0   0.0   0:00.05 khungta+
     32 root      20   0       0      0      0 S   0.0   0.0   0:00.00 oom_rea+
     33 root       0 -20       0      0      0 I   0.0   0.0   0:00.00 writeba+
     34 root      20   0       0      0      0 S   0.0   0.0   0:04.79 kcompac+
     35 root      25   5       0      0      0 S   0.0   0.0   0:00.00 ksmd
     36 root      39  19       0      0      0 S   0.0   0.0   0:00.00 khugepa+
     82 root       0 -20       0      0      0 I   0.0   0.0   0:00.00 kintegr+
     83 root       0 -20       0      0      0 I   0.0   0.0   0:00.00 kblockd
     84 root       0 -20       0      0      0 I   0.0   0.0   0:00.00 blkcg_p+
     85 root       0 -20       0      0      0 I   0.0   0.0   0:00.00 tpm_dev+
     86 root       0 -20       0      0      0 I   0.0   0.0   0:00.00 ata_sff
     87 root       0 -20       0      0      0 I   0.0   0.0   0:00.00 md
     88 root       0 -20       0      0      0 I   0.0   0.0   0:00.00 edac-po+
     89 root       0 -20       0      0      0 I   0.0   0.0   0:00.00 devfreq+
     90 root     -51   0       0      0      0 S   0.0   0.0   0:00.00 watchdo+
     92 root       0 -20       0      0      0 I   0.0   0.0   0:00.77 kworker+
     94 root      20   0       0      0      0 S   0.0   0.0   0:00.00 kswapd0
     95 root      20   0       0      0      0 S   0.0   0.0   0:00.00 ecryptf+
     97 root       0 -20       0      0      0 I   0.0   0.0   0:00.00 kthrotld
     98 root       0 -20       0      0      0 I   0.0   0.0   0:00.00 acpi_th+
    100 root      20   0       0      0      0 S   0.0   0.0   0:00.00 scsi_eh+
    101 root       0 -20       0      0      0 I   0.0   0.0   0:00.00 scsi_tm+
    102 root      20   0       0      0      0 S   0.0   0.0   0:00.00 scsi_eh+
    103 root       0 -20       0      0      0 I   0.0   0.0   0:00.00 scsi_tm+
    105 root       0 -20       0      0      0 I   0.0   0.0   0:00.00 vfio-ir+
    106 root       0 -20       0      0      0 I   0.0   0.0   0:00.00 mld
    107 root       0 -20       0      0      0 I   0.0   0.0   0:00.00 ipv6_ad+
    116 root       0 -20       0      0      0 I   0.0   0.0   0:00.00 kstrp
    119 root       0 -20       0      0      0 I   0.0   0.0   0:00.00 zswap-s+
    120 root       0 -20       0      0      0 I   0.0   0.0   0:00.00 kworker+
    125 root       0 -20       0      0      0 I   0.0   0.0   0:00.00 charger+
    148 root       0 -20       0      0      0 I   0.0   0.0   0:00.46 kworker+
    172 root      20   0       0      0      0 S   0.0   0.0   0:00.15 hwrng
    173 root       0 -20       0      0      0 I   0.0   0.0   0:00.00 cryptd
    238 root       0 -20       0      0      0 I   0.0   0.0   0:00.00 raid5wq
    285 root      20   0       0      0      0 S   0.0   0.0   0:01.63 jbd2/vd+
    286 root       0 -20       0      0      0 I   0.0   0.0   0:00.00 ext4-rs+
    363 root      19  -1  136548  92072  90964 S   0.0   2.3   0:07.90 systemd+
    385 root       0 -20       0      0      0 I   0.0   0.0   0:00.00 kaluad
    386 root       0 -20       0      0      0 I   0.0   0.0   0:00.00 kmpath_+
    395 root       0 -20       0      0      0 I   0.0   0.0   0:00.00 kmpathd
    396 root       0 -20       0      0      0 I   0.0   0.0   0:00.00 kmpath_+
    397 root      rt   0  289316  27100   9072 S   0.0   0.7   0:10.93 multipa+
    400 root      20   0   23044   6516   4648 S   0.0   0.2   0:00.35 systemd+
    482 systemd+  20   0   89360   6572   5768 S   0.0   0.2   0:00.24 systemd+
    558 systemd+  20   0   16248   8520   7480 S   0.0   0.2   0:01.07 systemd+
    560 systemd+  20   0   25668  13564   9216 S   0.0   0.3   0:00.96 systemd+
    573 root      20   0    7288   2756   2496 S   0.0   0.1   0:00.23 cron
    575 message+  20   0    8656   4708   4024 S   0.0   0.1   0:00.19 dbus-da+
    581 root      20   0   82700   4088   3744 S   0.0   0.1   0:05.46 irqbala+
    582 root      20   0   33080  19588  10740 S   0.0   0.5   0:00.38 network+
    586 syslog    20   0  222404   5768   4432 S   0.0   0.1   0:01.59 rsyslogd
    588 root      20   0 1319464  30132  19292 S   0.0   0.8   0:06.78 snapd
    590 root      20   0   15024   7448   6508 S   0.0   0.2   0:00.21 systemd+
    603 root      20   0    6220   1112   1020 S   0.0   0.0   0:00.00 agetty
    609 root      20   0    6176   1100   1016 S   0.0   0.0   0:00.01 agetty
    619 root      20   0   15436   9392   7756 S   0.0   0.2   0:04.91 sshd
    631 root      20   0   55224   1676     40 S   0.0   0.0   0:00.00 nginx
    637 www-data  20   0   55856   5584   3684 S   0.0   0.1   0:01.38 nginx
    639 www-data  20   0   55856   5584   3684 S   0.0   0.1   0:00.01 nginx
    641 root      20   0  110104  21620  13492 S   0.0   0.5   0:00.11 unatten+
    651 postgres  20   0  218728  30272  27512 S   0.0   0.8   0:04.65 postgres
    654 root      20   0  235484   8264   6964 S   0.0   0.2   0:00.01 polkitd
    658 postgres  20   0  218840  12548   9716 S   0.0   0.3   0:00.06 postgres
    659 postgres  20   0  218728   9292   6508 S   0.0   0.2   0:01.05 postgres
    660 postgres  20   0  218728  11680   8904 S   0.0   0.3   0:01.07 postgres
    661 postgres  20   0  219400   9604   6556 S   0.0   0.2   0:02.45 postgres
    662 postgres  20   0   73564   7628   4640 S   0.0   0.2   0:02.30 postgres
    663 postgres  20   0  219156   7768   4824 S   0.0   0.2   0:00.04 postgres
    670 root      20   0  914176  77116  34788 S   0.0   1.9   1:16.89 PM2 v5.+
    690 root      20   0  650572  74324  33912 S   0.0   1.9   5:43.73 node /v+
    691 root      20   0  649980  71208  34028 S   0.0   1.8   5:41.78 node /s+
    754 root      20   0   44452  32656   4812 S   0.0   0.8   0:18.82 miniser+
   5954 root      20   0    7228   1368   1184 S   0.0   0.0   0:00.00 git
  28959 root      20   0  295984  20520  17604 S   0.0   0.5   0:00.64 package+
  39482 root      20   0    2892    984    892 S   0.0   0.0   0:00.00 sh
  39483 root      20   0    4496   3452   3068 S   0.0   0.1   0:00.00 bash
  39486 root      20   0    4364   1664   1372 S   0.0   0.0   0:00.00 bash
  39488 root      20   0    2796   1032    944 S   0.0   0.0   0:00.00 tee
  39581 root      20   0    8900   5428   4576 S   0.0   0.1   0:00.00 sudo
  39582 postgres  20   0   20108   5584   4516 S   0.0   0.1   0:00.02 createu+
  41171 root      20   0    2892    964    868 S   0.0   0.0   0:00.00 sh
  41172 root      20   0    4496   3376   3008 S   0.0   0.1   0:00.00 bash
  41178 root      20   0    4364   1700   1408 S   0.0   0.0   0:00.00 bash
  41180 root      20   0    2796   1028    936 S   0.0   0.0   0:00.00 tee
  41672 root      20   0    8900   5348   4500 S   0.0   0.1   0:00.05 sudo
  41673 postgres  20   0   20108   5568   4504 S   0.0   0.1   0:00.02 createu+
  67014 root      20   0       0      0      0 I   0.0   0.0   0:00.34 kworker+
  68704 root      20   0       0      0      0 I   0.0   0.0   0:00.37 kworker+
  68859 root      20   0       0      0      0 I   0.0   0.0   0:00.06 kworker+
  69536 root      20   0    5696   4904   3196 S   0.0   0.1   0:00.01 bash
  69537 root      20   0   27060  22860   3760 S   0.0   0.6   0:00.27 shellse+
  69562 root      20   0   44752  35584   7492 S   0.0   0.9   0:00.15 miniser+
  70948 root      20   0       0      0      0 I   0.0   0.0   0:00.01 kworker+
  74559 root      20   0       0      0      0 I   0.0   0.0   0:00.00 kworker+
  74886 root      20   0       0      0      0 I   0.0   0.0   0:00.06 kworker+
  75610 root      20   0       0      0      0 I   0.0   0.0   0:00.19 kworker+
  76788 root      20   0       0      0      0 I   0.0   0.0   0:00.01 kworker+
  77520 root      20   0       0      0      0 I   0.0   0.0   0:00.02 kworker+
  78695 root      20   0   31128  18104   5844 S   0.0   0.5   0:00.04 gunicorn
  78696 root      20   0   88876  55248  12604 S   0.0   1.4   0:00.35 gunicorn
  78697 root      20   0    2892   1064    968 S   0.0   0.0   0:00.00 sh
  78698 root      20   0    4364   3296   3024 S   0.0   0.1   0:00.00 update_+
  78733 root      20   0       0      0      0 I   0.0   0.0   0:00.00 kworker+
  79234 root      20   0  709000  58184  35656 S   0.0   1.5   0:00.44 npm sta+
  79245 root      20   0    2896    960    860 S   0.0   0.0   0:00.00 sh
  79246 root      20   0  591220  40008  31620 S   0.0   1.0   0:00.10 node
  79253 root      20   0   32.0g 217004  34540 S   0.0   5.5   0:05.40 node
  79396 root      20   0   15436   8672   7148 S   0.0   0.2   0:00.00 sshd
  79406 root      20   0    2892   1004    912 S   0.0   0.0   0:00.00 sh
  79407 root      20   0    4364   3312   3044 S   0.0   0.1   0:00.00 update_+
  79919 root      20   0    4628   3856   3284 S   0.0   0.1   0:00.00 update_+
  79925 root      20   0    4496   1664   1200 S   0.0   0.0   0:00.00 update_+
  79928 root      20   0    2796   1044    956 S   0.0   0.0   0:00.00 tee
  80736 root      20   0  701588  59024  35800 S   0.0   1.5   0:00.75 npm run+
  80747 root      20   0       0      0      0 Z   0.0   0.0   0:00.36 /usr/sh+
  80753 root      20   0    2896    972    872 S   0.0   0.0   0:00.00 sh
  80754 root      20   0  591244  40308  31752 S   0.0   1.0   0:00.19 node
  80796 root      20   0    7500   3564   2968 R   0.0   0.1   0:00.00 top
Filesystem      Size  Used Avail Use% Mounted on
tmpfs           388M  1.0M  387M   1% /run
/dev/vda1        97G  5.2G   92G   6% /
tmpfs           1.9G   28K  1.9G   1% /dev/shm
tmpfs           5.0M     0  5.0M   0% /run/lock
/dev/vda15      105M  6.1M   99M   6% /boot/efi
               total        used        free      shared  buff/cache   available
Mem:            3876         831        1648          22        1396        2835
Swap:              0           0           0
