Сбор системной статистики...
top - 00:19:38 up 2 days,  7:31,  0 users,  load average: 5.30, 5.39, 4.16
Tasks: 134 total,   3 running, 131 sleeping,   0 stopped,   0 zombie
%Cpu(s): 95.2 us,  4.8 sy,  0.0 ni,  0.0 id,  0.0 wa,  0.0 hi,  0.0 si,  0.0 st
MiB Mem :   3876.5 total,   1652.9 free,   1091.6 used,   1132.0 buff/cache
MiB Swap:      0.0 total,      0.0 free,      0.0 used.   2556.7 avail Mem 

    PID USER      PR  NI    VIRT    RES    SHR S  %CPU  %MEM     TIME+ COMMAND
 162986 root      20   0   32.3g 374600  34132 S 110.5   9.4   0:21.56 node
 163275 root      20   0  768864 129592  32876 R  78.9   3.3   0:05.70 node
 163543 root      20   0  615952  67244  32516 R  21.1   1.7   0:01.10 node
 163558 root      20   0    7368   3480   2888 R   5.3   0.1   0:00.01 top
      1 root      20   0  167624  11112   6336 S   0.0   0.3   0:10.33 systemd
      2 root      20   0       0      0      0 S   0.0   0.0   0:00.01 kthreadd
      3 root       0 -20       0      0      0 I   0.0   0.0   0:00.00 rcu_gp
      4 root       0 -20       0      0      0 I   0.0   0.0   0:00.00 rcu_par+
      5 root       0 -20       0      0      0 I   0.0   0.0   0:00.00 slub_fl+
      6 root       0 -20       0      0      0 I   0.0   0.0   0:00.00 netns
      8 root       0 -20       0      0      0 I   0.0   0.0   0:00.00 kworker+
     10 root       0 -20       0      0      0 I   0.0   0.0   0:00.00 mm_perc+
     11 root      20   0       0      0      0 S   0.0   0.0   0:00.00 rcu_tas+
     12 root      20   0       0      0      0 S   0.0   0.0   0:00.00 rcu_tas+
     13 root      20   0       0      0      0 S   0.0   0.0   0:01.89 ksoftir+
     14 root      20   0       0      0      0 I   0.0   0.0   0:09.73 rcu_sch+
     15 root      rt   0       0      0      0 S   0.0   0.0   0:00.91 migrati+
     16 root     -51   0       0      0      0 S   0.0   0.0   0:00.00 idle_in+
     18 root      20   0       0      0      0 S   0.0   0.0   0:00.00 cpuhp/0
     19 root      20   0       0      0      0 S   0.0   0.0   0:00.00 cpuhp/1
     20 root     -51   0       0      0      0 S   0.0   0.0   0:00.00 idle_in+
     21 root      rt   0       0      0      0 S   0.0   0.0   0:00.96 migrati+
     22 root      20   0       0      0      0 S   0.0   0.0   0:02.12 ksoftir+
     24 root       0 -20       0      0      0 I   0.0   0.0   0:00.00 kworker+
     25 root      20   0       0      0      0 S   0.0   0.0   0:00.00 kdevtmp+
     26 root       0 -20       0      0      0 I   0.0   0.0   0:00.00 inet_fr+
     27 root      20   0       0      0      0 S   0.0   0.0   0:00.00 kauditd
     31 root      20   0       0      0      0 S   0.0   0.0   0:00.07 khungta+
     32 root      20   0       0      0      0 S   0.0   0.0   0:00.00 oom_rea+
     33 root       0 -20       0      0      0 I   0.0   0.0   0:00.00 writeba+
     34 root      20   0       0      0      0 S   0.0   0.0   0:09.17 kcompac+
     35 root      25   5       0      0      0 S   0.0   0.0   0:00.00 ksmd
     36 root      39  19       0      0      0 S   0.0   0.0   0:00.00 khugepa+
     82 root       0 -20       0      0      0 I   0.0   0.0   0:00.00 kintegr+
     83 root       0 -20       0      0      0 I   0.0   0.0   0:00.00 kblockd
     84 root       0 -20       0      0      0 I   0.0   0.0   0:00.00 blkcg_p+
     85 root       0 -20       0      0      0 I   0.0   0.0   0:00.00 tpm_dev+
     86 root       0 -20       0      0      0 I   0.0   0.0   0:00.00 ata_sff
     87 root       0 -20       0      0      0 I   0.0   0.0   0:00.00 md
     88 root       0 -20       0      0      0 I   0.0   0.0   0:00.00 edac-po+
     89 root       0 -20       0      0      0 I   0.0   0.0   0:00.00 devfreq+
     90 root     -51   0       0      0      0 S   0.0   0.0   0:00.00 watchdo+
     92 root       0 -20       0      0      0 I   0.0   0.0   0:02.24 kworker+
     94 root      20   0       0      0      0 S   0.0   0.0   0:51.71 kswapd0
     95 root      20   0       0      0      0 S   0.0   0.0   0:00.00 ecryptf+
     97 root       0 -20       0      0      0 I   0.0   0.0   0:00.00 kthrotld
     98 root       0 -20       0      0      0 I   0.0   0.0   0:00.00 acpi_th+
    100 root      20   0       0      0      0 S   0.0   0.0   0:00.00 scsi_eh+
    101 root       0 -20       0      0      0 I   0.0   0.0   0:00.00 scsi_tm+
    102 root      20   0       0      0      0 S   0.0   0.0   0:00.00 scsi_eh+
    103 root       0 -20       0      0      0 I   0.0   0.0   0:00.00 scsi_tm+
    105 root       0 -20       0      0      0 I   0.0   0.0   0:00.00 vfio-ir+
    106 root       0 -20       0      0      0 I   0.0   0.0   0:00.00 mld
    107 root       0 -20       0      0      0 I   0.0   0.0   0:01.39 kworker+
    108 root       0 -20       0      0      0 I   0.0   0.0   0:00.00 ipv6_ad+
    117 root       0 -20       0      0      0 I   0.0   0.0   0:00.00 kstrp
    120 root       0 -20       0      0      0 I   0.0   0.0   0:00.00 zswap-s+
    121 root       0 -20       0      0      0 I   0.0   0.0   0:00.00 kworker+
    126 root       0 -20       0      0      0 I   0.0   0.0   0:00.00 charger+
    171 root      20   0       0      0      0 S   0.0   0.0   0:00.25 hwrng
    172 root       0 -20       0      0      0 I   0.0   0.0   0:00.00 cryptd
    239 root       0 -20       0      0      0 I   0.0   0.0   0:00.00 raid5wq
    289 root      20   0       0      0      0 S   0.0   0.0   0:03.61 jbd2/vd+
    290 root       0 -20       0      0      0 I   0.0   0.0   0:00.00 ext4-rs+
    367 root      19  -1   88868  51956  50768 S   0.0   1.3   0:09.94 systemd+
    395 root       0 -20       0      0      0 I   0.0   0.0   0:00.00 kaluad
    396 root       0 -20       0      0      0 I   0.0   0.0   0:00.00 kmpath_+
    399 root       0 -20       0      0      0 I   0.0   0.0   0:00.00 kmpathd
    400 root       0 -20       0      0      0 I   0.0   0.0   0:00.00 kmpath_+
    401 root      rt   0  289316  27100   9072 S   0.0   0.7   0:16.46 multipa+
    403 root      20   0   11412   2836   1144 S   0.0   0.1   0:00.55 systemd+
    496 systemd+  20   0   89360   3456   2596 S   0.0   0.1   0:00.38 systemd+
    566 systemd+  20   0   16248   5248   4192 S   0.0   0.1   0:01.43 systemd+
    568 systemd+  20   0   25668   6560   2176 S   0.0   0.2   0:01.66 systemd+
    579 root      20   0    7288   2332   2072 S   0.0   0.1   0:00.34 cron
    581 message+  20   0    8708   4224   3476 S   0.0   0.1   0:00.62 dbus-da+
    586 root      20   0   82700   2468   2120 S   0.0   0.1   0:07.65 irqbala+
    588 root      20   0   33080  14176   5272 S   0.0   0.4   0:00.43 network+
    592 syslog    20   0  222404   4448   2764 S   0.0   0.1   0:02.04 rsyslogd
    594 root      20   0 1393452  24032  12848 S   0.0   0.6   0:20.88 snapd
    596 root      20   0   15024   2764   1820 S   0.0   0.1   0:00.60 systemd+
    602 root      20   0    6220    776    692 S   0.0   0.0   0:00.00 agetty
    606 root      20   0    6176    856    768 S   0.0   0.0   0:00.01 agetty
    631 root      20   0   15436   6416   4776 S   0.0   0.2   0:06.02 sshd
    634 root      20   0  235484   4520   3224 S   0.0   0.1   0:00.02 polkitd
    639 root      20   0   55224   1640      0 S   0.0   0.0   0:00.00 nginx
    641 www-data  20   0   55856   4272   2288 S   0.0   0.1   0:01.34 nginx
    642 www-data  20   0   55856   3144   1236 S   0.0   0.1   0:00.01 nginx
    647 root      20   0  110104  11264   3124 S   0.0   0.3   0:00.27 unatten+
    661 postgres  20   0  218728  18308  15552 S   0.0   0.5   0:06.61 postgres
    664 postgres  20   0  218728   3000    244 S   0.0   0.1   0:00.04 postgres
    665 postgres  20   0  218728   6032   3252 S   0.0   0.2   0:01.56 postgres
    666 postgres  20   0  218728   7504   4732 S   0.0   0.2   0:01.53 postgres
    667 postgres  20   0  219400   7100   3952 S   0.0   0.2   0:03.05 postgres
    668 postgres  20   0   73460   3880    964 S   0.0   0.1   0:02.94 postgres
    669 postgres  20   0  219156   4404   1384 S   0.0   0.1   0:00.06 postgres
    719 root      20   0   44464  31860   4000 S   0.0   0.8   0:36.92 miniser+
   1489 root      20   0  295984   6096   3084 S   0.0   0.2   0:01.15 package+
  54578 root      20   0       0      0      0 I   0.0   0.0   0:11.33 kworker+
  75257 root      20   0       0      0      0 I   0.0   0.0   0:03.81 kworker+
  82476 root      20   0    7228   1888   1652 S   0.0   0.0   0:00.05 git
 102496 root      20   0  937076  99108  33732 S   0.0   2.5   1:30.07 PM2 v5.+
 102507 root      20   0  641900  64676  33956 S   0.0   1.6   0:57.49 node /v+
 123636 root      20   0    5696   4824   3108 S   0.0   0.1   0:00.04 bash
 123637 root      20   0   27096  22612   3512 S   0.0   0.6   0:00.87 shellse+
 123654 root      20   0   44760  35628   7524 S   0.0   0.9   0:00.33 miniser+
 126024 root      20   0       0      0      0 I   0.0   0.0   0:00.47 kworker+
 143757 root      20   0  637556  60704  34132 S   0.0   1.5   0:05.36 node /s+
 146938 root      20   0       0      0      0 I   0.0   0.0   0:00.16 kworker+
 146939 root      20   0       0      0      0 I   0.0   0.0   0:00.19 kworker+
 149650 root      20   0       0      0      0 I   0.0   0.0   0:00.05 kworker+
 154839 root      20   0       0      0      0 I   0.0   0.0   0:00.11 kworker+
 160438 root      20   0       0      0      0 I   0.0   0.0   0:00.00 kworker+
 162047 root      20   0    2892   1008    912 S   0.0   0.0   0:00.00 sh
 162048 root      20   0    4364   3152   2880 S   0.0   0.1   0:00.00 update_+
 162600 root      20   0    2892    952    860 S   0.0   0.0   0:00.00 sh
 162602 root      20   0    4364   3172   2900 S   0.0   0.1   0:00.00 update_+
 162729 root      20   0  708804  57884  35748 S   0.0   1.5   0:00.92 npm run+
 162916 root      20   0    2896   1012    912 S   0.0   0.0   0:00.00 sh
 162940 root      20   0  591120  39868  31460 S   0.0   1.0   0:00.24 node
 163161 root      20   0   31132  18060   5792 S   0.0   0.5   0:00.07 gunicorn
 163162 root      20   0    2892    960    868 S   0.0   0.0   0:00.00 sh
 163163 root      20   0    2892    988    892 S   0.0   0.0   0:00.00 sh
 163164 root      20   0    4496   3360   2940 S   0.0   0.1   0:00.00 bash
 163165 root      20   0   66308  51876  10620 S   0.0   1.3   0:00.70 gunicorn
 163166 root      20   0    4364   3144   2872 S   0.0   0.1   0:00.00 update_+
 163170 root      20   0    4364   1640   1348 S   0.0   0.0   0:00.00 bash
 163172 root      20   0    2796   1060    968 S   0.0   0.0   0:00.00 tee
 163249 root      20   0  701572  58900  35348 S   0.0   1.5   0:00.92 npm sta+
 163267 root      20   0    2896    960    864 S   0.0   0.0   0:00.00 sh
 163268 root      20   0  591116  39888  31436 S   0.0   1.0   0:00.31 node
 163523 root      20   0  701364  58344  35064 S   0.0   1.5   0:00.69 npm run+
 163535 root      20   0    2896    944    848 S   0.0   0.0   0:00.00 sh
 163536 root      20   0  591372  39916  31528 S   0.0   1.0   0:00.31 node
Filesystem      Size  Used Avail Use% Mounted on
tmpfs           388M  1.1M  387M   1% /run
/dev/vda1        97G  5.1G   92G   6% /
tmpfs           1.9G   28K  1.9G   1% /dev/shm
tmpfs           5.0M     0  5.0M   0% /run/lock
/dev/vda15      105M  6.1M   99M   6% /boot/efi
               total        used        free      shared  buff/cache   available
Mem:            3876        1091        1652          17        1132        2556
Swap:              0           0           0
