Collecting system stats...
top - 00:26:56 up 2 days,  7:38,  0 users,  load average: 1.80, 4.34, 4.38
Tasks: 129 total,   3 running, 126 sleeping,   0 stopped,   0 zombie
%Cpu(s): 87.5 us, 12.5 sy,  0.0 ni,  0.0 id,  0.0 wa,  0.0 hi,  0.0 si,  0.0 st
MiB Mem :   3876.5 total,   1850.3 free,    885.9 used,   1140.3 buff/cache
MiB Swap:      0.0 total,      0.0 free,      0.0 used.   2802.3 avail Mem 

    PID USER      PR  NI    VIRT    RES    SHR S  %CPU  %MEM     TIME+ COMMAND
 168565 root      20   0   43.1g 329056  34752 R  75.0   8.3   0:11.54 node
 168781 root      20   0  942016 106216  35776 R  70.8   2.7   0:06.28 npm ins+
      1 root      20   0  167624  11112   6336 S   0.0   0.3   0:10.64 systemd
      2 root      20   0       0      0      0 S   0.0   0.0   0:00.01 kthreadd
      3 root       0 -20       0      0      0 I   0.0   0.0   0:00.00 rcu_gp
      4 root       0 -20       0      0      0 I   0.0   0.0   0:00.00 rcu_par+
      5 root       0 -20       0      0      0 I   0.0   0.0   0:00.00 slub_fl+
      6 root       0 -20       0      0      0 I   0.0   0.0   0:00.00 netns
      8 root       0 -20       0      0      0 I   0.0   0.0   0:00.00 kworker+
     10 root       0 -20       0      0      0 I   0.0   0.0   0:00.00 mm_perc+
     11 root      20   0       0      0      0 S   0.0   0.0   0:00.00 rcu_tas+
     12 root      20   0       0      0      0 S   0.0   0.0   0:00.00 rcu_tas+
     13 root      20   0       0      0      0 S   0.0   0.0   0:01.94 ksoftir+
     14 root      20   0       0      0      0 I   0.0   0.0   0:10.05 rcu_sch+
     15 root      rt   0       0      0      0 S   0.0   0.0   0:00.91 migrati+
     16 root     -51   0       0      0      0 S   0.0   0.0   0:00.00 idle_in+
     18 root      20   0       0      0      0 S   0.0   0.0   0:00.00 cpuhp/0
     19 root      20   0       0      0      0 S   0.0   0.0   0:00.00 cpuhp/1
     20 root     -51   0       0      0      0 S   0.0   0.0   0:00.00 idle_in+
     21 root      rt   0       0      0      0 S   0.0   0.0   0:00.97 migrati+
     22 root      20   0       0      0      0 S   0.0   0.0   0:02.21 ksoftir+
     24 root       0 -20       0      0      0 I   0.0   0.0   0:00.00 kworker+
     25 root      20   0       0      0      0 S   0.0   0.0   0:00.00 kdevtmp+
     26 root       0 -20       0      0      0 I   0.0   0.0   0:00.00 inet_fr+
     27 root      20   0       0      0      0 S   0.0   0.0   0:00.00 kauditd
     31 root      20   0       0      0      0 S   0.0   0.0   0:00.07 khungta+
     32 root      20   0       0      0      0 S   0.0   0.0   0:00.00 oom_rea+
     33 root       0 -20       0      0      0 I   0.0   0.0   0:00.00 writeba+
     34 root      20   0       0      0      0 S   0.0   0.0   0:09.18 kcompac+
     35 root      25   5       0      0      0 S   0.0   0.0   0:00.00 ksmd
     36 root      39  19       0      0      0 S   0.0   0.0   0:00.00 khugepa+
     82 root       0 -20       0      0      0 I   0.0   0.0   0:00.00 kintegr+
     83 root       0 -20       0      0      0 I   0.0   0.0   0:00.00 kblockd
     84 root       0 -20       0      0      0 I   0.0   0.0   0:00.00 blkcg_p+
     85 root       0 -20       0      0      0 I   0.0   0.0   0:00.00 tpm_dev+
     86 root       0 -20       0      0      0 I   0.0   0.0   0:00.00 ata_sff
     87 root       0 -20       0      0      0 I   0.0   0.0   0:00.00 md
     88 root       0 -20       0      0      0 I   0.0   0.0   0:00.00 edac-po+
     89 root       0 -20       0      0      0 I   0.0   0.0   0:00.00 devfreq+
     90 root     -51   0       0      0      0 S   0.0   0.0   0:00.00 watchdo+
     92 root       0 -20       0      0      0 I   0.0   0.0   0:02.26 kworker+
     94 root      20   0       0      0      0 S   0.0   0.0   0:51.71 kswapd0
     95 root      20   0       0      0      0 S   0.0   0.0   0:00.00 ecryptf+
     97 root       0 -20       0      0      0 I   0.0   0.0   0:00.00 kthrotld
     98 root       0 -20       0      0      0 I   0.0   0.0   0:00.00 acpi_th+
    100 root      20   0       0      0      0 S   0.0   0.0   0:00.00 scsi_eh+
    101 root       0 -20       0      0      0 I   0.0   0.0   0:00.00 scsi_tm+
    102 root      20   0       0      0      0 S   0.0   0.0   0:00.00 scsi_eh+
    103 root       0 -20       0      0      0 I   0.0   0.0   0:00.00 scsi_tm+
    105 root       0 -20       0      0      0 I   0.0   0.0   0:00.00 vfio-ir+
    106 root       0 -20       0      0      0 I   0.0   0.0   0:00.00 mld
    107 root       0 -20       0      0      0 I   0.0   0.0   0:01.39 kworker+
    108 root       0 -20       0      0      0 I   0.0   0.0   0:00.00 ipv6_ad+
    117 root       0 -20       0      0      0 I   0.0   0.0   0:00.00 kstrp
    120 root       0 -20       0      0      0 I   0.0   0.0   0:00.00 zswap-s+
    121 root       0 -20       0      0      0 I   0.0   0.0   0:00.00 kworker+
    126 root       0 -20       0      0      0 I   0.0   0.0   0:00.00 charger+
    171 root      20   0       0      0      0 S   0.0   0.0   0:00.25 hwrng
    172 root       0 -20       0      0      0 I   0.0   0.0   0:00.00 cryptd
    239 root       0 -20       0      0      0 I   0.0   0.0   0:00.00 raid5wq
    289 root      20   0       0      0      0 S   0.0   0.0   0:03.71 jbd2/vd+
    290 root       0 -20       0      0      0 I   0.0   0.0   0:00.00 ext4-rs+
    367 root      19  -1   97060  53224  52036 S   0.0   1.3   0:10.06 systemd+
    395 root       0 -20       0      0      0 I   0.0   0.0   0:00.00 kaluad
    396 root       0 -20       0      0      0 I   0.0   0.0   0:00.00 kmpath_+
    399 root       0 -20       0      0      0 I   0.0   0.0   0:00.00 kmpathd
    400 root       0 -20       0      0      0 I   0.0   0.0   0:00.00 kmpath_+
    401 root      rt   0  289316  27100   9072 S   0.0   0.7   0:16.49 multipa+
    403 root      20   0   11412   2836   1144 S   0.0   0.1   0:00.55 systemd+
    496 systemd+  20   0   89360   3456   2596 S   0.0   0.1   0:00.38 systemd+
    566 systemd+  20   0   16248   5248   4192 S   0.0   0.1   0:01.44 systemd+
    568 systemd+  20   0   25668   6560   2176 S   0.0   0.2   0:01.89 systemd+
    579 root      20   0    7288   2332   2072 S   0.0   0.1   0:00.34 cron
    581 message+  20   0    8708   4224   3476 S   0.0   0.1   0:00.69 dbus-da+
    586 root      20   0   82700   2468   2120 S   0.0   0.1   0:07.66 irqbala+
    588 root      20   0   33080  14176   5272 S   0.0   0.4   0:00.43 network+
    592 syslog    20   0  222404   4448   2764 S   0.0   0.1   0:02.06 rsyslogd
    594 root      20   0 1393452  24032  12848 S   0.0   0.6   0:20.90 snapd
    596 root      20   0   15024   2764   1820 S   0.0   0.1   0:00.62 systemd+
    602 root      20   0    6220    776    692 S   0.0   0.0   0:00.00 agetty
    606 root      20   0    6176    856    768 S   0.0   0.0   0:00.01 agetty
    631 root      20   0   15436   6416   4776 S   0.0   0.2   0:06.02 sshd
    634 root      20   0  235484   4520   3224 S   0.0   0.1   0:00.02 polkitd
    639 root      20   0   55224   1640      0 S   0.0   0.0   0:00.00 nginx
    641 www-data  20   0   55856   4272   2288 S   0.0   0.1   0:01.34 nginx
    642 www-data  20   0   55856   3144   1236 S   0.0   0.1   0:00.01 nginx
    647 root      20   0  110104  11264   3124 S   0.0   0.3   0:00.27 unatten+
    661 postgres  20   0  218728  18308  15552 S   0.0   0.5   0:06.63 postgres
    664 postgres  20   0  218728   3000    244 S   0.0   0.1   0:00.04 postgres
    665 postgres  20   0  218728   6032   3252 S   0.0   0.2   0:01.56 postgres
    666 postgres  20   0  218728   7504   4732 S   0.0   0.2   0:01.53 postgres
    667 postgres  20   0  219400   7100   3952 S   0.0   0.2   0:03.11 postgres
    668 postgres  20   0   73460   3880    964 S   0.0   0.1   0:02.95 postgres
    669 postgres  20   0  219156   4404   1384 S   0.0   0.1   0:00.06 postgres
    719 root      20   0   44464  31860   4000 S   0.0   0.8   0:37.27 miniser+
   1489 root      20   0  295984   6096   3084 S   0.0   0.2   0:01.15 package+
  54578 root      20   0       0      0      0 I   0.0   0.0   0:11.33 kworker+
  75257 root      20   0       0      0      0 I   0.0   0.0   0:03.81 kworker+
  82476 root      20   0    7228   1888   1652 S   0.0   0.0   0:00.05 git
 102496 root      20   0  937076  99108  33732 S   0.0   2.5   1:30.44 PM2 v5.+
 102507 root      20   0  642200  64944  33956 S   0.0   1.6   0:58.73 node /v+
 123636 root      20   0    5696   4824   3108 S   0.0   0.1   0:00.05 bash
 123637 root      20   0   27096  22612   3512 S   0.0   0.6   0:01.27 shellse+
 123654 root      20   0   44760  35628   7524 S   0.0   0.9   0:00.41 miniser+
 146938 root      20   0       0      0      0 I   0.0   0.0   0:00.22 kworker+
 146939 root      20   0       0      0      0 I   0.0   0.0   0:00.25 kworker+
 149650 root      20   0       0      0      0 I   0.0   0.0   0:00.24 kworker+
 154839 root      20   0       0      0      0 I   0.0   0.0   0:00.16 kworker+
 160438 root      20   0       0      0      0 I   0.0   0.0   0:00.08 kworker+
 166522 root      20   0       0      0      0 I   0.0   0.0   0:00.04 kworker+
 167521 root      20   0  709120  58936  35552 S   0.0   1.5   0:01.11 npm sta+
 167534 root      20   0    2892    964    872 S   0.0   0.0   0:00.05 sh
 167535 root      20   0  598860  48492  33444 S   0.0   1.2   0:00.50 node
 168255 root      20   0    2892    964    868 S   0.0   0.0   0:00.00 sh
 168256 root      20   0    4364   3156   2884 S   0.0   0.1   0:00.00 update_+
 168546 root      20   0  709076  57676  35176 S   0.0   1.5   0:00.54 npm sta+
 168557 root      20   0    2896    968    876 S   0.0   0.0   0:00.00 sh
 168558 root      20   0  591188  40024  31684 S   0.0   1.0   0:00.10 node
 168731 root      20   0    2892    988    896 S   0.0   0.0   0:00.00 sh
 168732 root      20   0    4496   3424   3024 S   0.0   0.1   0:00.00 bash
 168735 root      20   0    4364   1756   1472 S   0.0   0.0   0:00.00 bash
 168737 root      20   0    2796   1092   1004 S   0.0   0.0   0:00.00 tee
 168740 root      20   0    2892    992    900 S   0.0   0.0   0:00.00 sh
 168741 root      20   0    4364   3232   2960 S   0.0   0.1   0:00.00 update_+
 169110 root      20   0   49212  40120   7568 S   0.0   1.0   0:00.10 /usr/sh+
 169111 root      20   0    7368   3608   3016 R   0.0   0.1   0:00.04 top
 169112 root      20   0   47488  32892   2080 S   0.0   0.8   0:00.00 /usr/sh+
 169113 root      20   0    2892    984    888 S   0.0   0.0   0:00.00 sh
 169114 root      20   0    6432   1616   1392 S   0.0   0.0   0:00.00 vmstat
Filesystem      Size  Used Avail Use% Mounted on
tmpfs           388M  1.1M  387M   1% /run
/dev/vda1        97G  5.1G   92G   6% /
tmpfs           1.9G   28K  1.9G   1% /dev/shm
tmpfs           5.0M     0  5.0M   0% /run/lock
/dev/vda15      105M  6.1M   99M   6% /boot/efi
               total        used        free      shared  buff/cache   available
Mem:            3876         885        1850          17        1140        2802
Swap:              0           0           0
